00:04:00.996 logback [main] INFO  com.dudu.demo.DemoApplication - Starting DemoApplication on MSI with PID 16252 (D:\workspaces\chapter\target\classes started by FuN in D:\workspaces\chapter)
00:04:00.999 logback [main] INFO  com.dudu.demo.DemoApplication - No active profile set, falling back to default profiles: default
00:04:01.041 logback [main] INFO  o.s.b.w.s.c.AnnotationConfigServletWebServerApplicationContext - Refreshing org.springframework.boot.web.servlet.context.AnnotationConfigServletWebServerApplicationContext@15c43bd9: startup date [Thu Jul 26 00:04:01 CST 2018]; root of context hierarchy
00:04:02.010 logback [main] INFO  o.s.b.w.e.tomcat.TomcatWebServer - Tomcat initialized with port(s): 8080 (http)
00:04:02.022 logback [main] INFO  o.a.coyote.http11.Http11NioProtocol - Initializing ProtocolHandler ["http-nio-8080"]
00:04:02.029 logback [main] INFO  o.a.catalina.core.StandardService - Starting service [Tomcat]
00:04:02.029 logback [main] INFO  o.a.catalina.core.StandardEngine - Starting Servlet Engine: Apache Tomcat/8.5.31
00:04:02.032 logback [localhost-startStop-1] INFO  o.a.c.core.AprLifecycleListener - The APR based Apache Tomcat Native library which allows optimal performance in production environments was not found on the java.library.path: [C:\Program Files\Java\jdk1.8.0_152\bin;C:\WINDOWS\Sun\Java\bin;C:\WINDOWS\system32;C:\WINDOWS;D:\Oracle\product\11.2.0\dbhome_1\bin;C:\ProgramData\Oracle\Java\javapath;C:\WINDOWS\system32;C:\WINDOWS;C:\WINDOWS\System32\Wbem;C:\WINDOWS\System32\WindowsPowerShell\v1.0\;C:\Program Files\Java\jdk1.8.0_152\bin;C:\Program Files\Java\jdk1.8.0_152\jre\bin;D:\apache-maven-3.5.0\bin;D:\Program Files\MySQL\MySQL Server 5.5\bin;D:\hadoop-common-2.2.0-bin-master\bin;D:\Program Files\Git\cmd;C:\Program Files\TortoiseSVN\bin;C:\WINDOWS\System32\OpenSSH\;E:\Program Files\Bandizip\;D:\Program Files\Bandizip\;C:\Users\FuN\AppData\Local\Microsoft\WindowsApps;%USERPROFILE%\AppData\Local\Microsoft\WindowsApps;;.]
00:04:02.089 logback [localhost-startStop-1] INFO  o.a.c.c.C.[Tomcat].[localhost].[/] - Initializing Spring embedded WebApplicationContext
00:04:02.089 logback [localhost-startStop-1] INFO  o.s.web.context.ContextLoader - Root WebApplicationContext: initialization completed in 1048 ms
00:04:02.182 logback [localhost-startStop-1] INFO  o.s.b.w.s.ServletRegistrationBean - Servlet dispatcherServlet mapped to [/]
00:04:02.185 logback [localhost-startStop-1] INFO  o.s.b.w.s.FilterRegistrationBean - Mapping filter: 'characterEncodingFilter' to: [/*]
00:04:02.185 logback [localhost-startStop-1] INFO  o.s.b.w.s.FilterRegistrationBean - Mapping filter: 'hiddenHttpMethodFilter' to: [/*]
00:04:02.185 logback [localhost-startStop-1] INFO  o.s.b.w.s.FilterRegistrationBean - Mapping filter: 'httpPutFormContentFilter' to: [/*]
00:04:02.185 logback [localhost-startStop-1] INFO  o.s.b.w.s.FilterRegistrationBean - Mapping filter: 'requestContextFilter' to: [/*]
00:04:02.567 logback [main] INFO  o.s.w.s.h.SimpleUrlHandlerMapping - Mapped URL path [/**/favicon.ico] onto handler of type [class org.springframework.web.servlet.resource.ResourceHttpRequestHandler]
00:04:02.726 logback [main] INFO  o.s.w.s.m.m.a.RequestMappingHandlerAdapter - Looking for @ControllerAdvice: org.springframework.boot.web.servlet.context.AnnotationConfigServletWebServerApplicationContext@15c43bd9: startup date [Thu Jul 26 00:04:01 CST 2018]; root of context hierarchy
00:04:02.766 logback [main] INFO  o.s.w.s.m.m.a.RequestMappingHandlerMapping - Mapped "{[/demo/test],methods=[GET]}" onto public java.util.Map<java.lang.String, java.lang.Object> com.dudu.demo.controller.DemoController.start(java.lang.String)
00:04:02.766 logback [main] INFO  o.s.w.s.m.m.a.RequestMappingHandlerMapping - Mapped "{[/demo/test1],methods=[POST]}" onto public java.util.Map<java.lang.String, java.lang.Object> com.dudu.demo.controller.DemoController.test(java.lang.String)
00:04:02.767 logback [main] INFO  o.s.w.s.m.m.a.RequestMappingHandlerMapping - Mapped "{[/stu/get-stu-by-id/{id}],methods=[GET]}" onto public java.util.Map<java.lang.String, java.lang.Object> com.dudu.demo.controller.StudentController.getStuById(java.lang.String)
00:04:02.768 logback [main] INFO  o.s.w.s.m.m.a.RequestMappingHandlerMapping - Mapped "{[/stu/get],methods=[GET]}" onto public java.util.Map<java.lang.String, java.lang.Object> com.dudu.demo.controller.StudentController.getStu()
00:04:02.768 logback [main] INFO  o.s.w.s.m.m.a.RequestMappingHandlerMapping - Mapped "{[/test]}" onto public java.lang.String com.dudu.demo.controller.TestController.start()
00:04:02.770 logback [main] INFO  o.s.w.s.m.m.a.RequestMappingHandlerMapping - Mapped "{[/error]}" onto public org.springframework.http.ResponseEntity<java.util.Map<java.lang.String, java.lang.Object>> org.springframework.boot.autoconfigure.web.servlet.error.BasicErrorController.error(javax.servlet.http.HttpServletRequest)
00:04:02.770 logback [main] INFO  o.s.w.s.m.m.a.RequestMappingHandlerMapping - Mapped "{[/error],produces=[text/html]}" onto public org.springframework.web.servlet.ModelAndView org.springframework.boot.autoconfigure.web.servlet.error.BasicErrorController.errorHtml(javax.servlet.http.HttpServletRequest,javax.servlet.http.HttpServletResponse)
00:04:02.797 logback [main] INFO  o.s.w.s.h.SimpleUrlHandlerMapping - Mapped URL path [/webjars/**] onto handler of type [class org.springframework.web.servlet.resource.ResourceHttpRequestHandler]
00:04:02.798 logback [main] INFO  o.s.w.s.h.SimpleUrlHandlerMapping - Mapped URL path [/**] onto handler of type [class org.springframework.web.servlet.resource.ResourceHttpRequestHandler]
00:04:03.018 logback [main] INFO  o.s.j.e.a.AnnotationMBeanExporter - Registering beans for JMX exposure on startup
00:04:03.019 logback [main] INFO  o.s.j.e.a.AnnotationMBeanExporter - Bean with name 'dataSource' has been autodetected for JMX exposure
00:04:03.023 logback [main] INFO  o.s.j.e.a.AnnotationMBeanExporter - Located MBean 'dataSource': registering with JMX server as MBean [com.alibaba.druid.pool:name=dataSource,type=DruidDataSource]
00:04:03.031 logback [main] INFO  o.a.coyote.http11.Http11NioProtocol - Starting ProtocolHandler ["http-nio-8080"]
00:04:03.038 logback [main] INFO  o.a.tomcat.util.net.NioSelectorPool - Using a shared selector for servlet write/read
00:04:03.048 logback [main] INFO  o.s.b.w.e.tomcat.TomcatWebServer - Tomcat started on port(s): 8080 (http) with context path ''
00:04:03.051 logback [main] INFO  com.dudu.demo.DemoApplication - Started DemoApplication in 2.343 seconds (JVM running for 2.853)
00:04:08.413 logback [http-nio-8080-exec-1] INFO  o.a.c.c.C.[Tomcat].[localhost].[/] - Initializing Spring FrameworkServlet 'dispatcherServlet'
00:04:08.413 logback [http-nio-8080-exec-1] INFO  o.s.web.servlet.DispatcherServlet - FrameworkServlet 'dispatcherServlet': initialization started
00:04:08.425 logback [http-nio-8080-exec-1] INFO  o.s.web.servlet.DispatcherServlet - FrameworkServlet 'dispatcherServlet': initialization completed in 12 ms
00:04:08.444 logback [http-nio-8080-exec-1] INFO  c.dudu.demo.interceptor.WebLogAspect - ----打印前置通知----
00:04:08.444 logback [http-nio-8080-exec-1] INFO  c.dudu.demo.interceptor.WebLogAspect - URL:/stu/get-stu-by-id/111
00:04:08.444 logback [http-nio-8080-exec-1] INFO  c.dudu.demo.interceptor.WebLogAspect - HTTP_METHOD:GET
00:04:08.445 logback [http-nio-8080-exec-1] INFO  c.dudu.demo.interceptor.WebLogAspect - IP:127.0.0.1
00:04:08.445 logback [http-nio-8080-exec-1] INFO  c.dudu.demo.interceptor.WebLogAspect - CLASS_METHOD : com.dudu.demo.controller.StudentController.getStuById
00:04:08.446 logback [http-nio-8080-exec-1] INFO  c.dudu.demo.interceptor.WebLogAspect - ARGS : [111]
00:04:08.447 logback [http-nio-8080-exec-1] INFO  com.dudu.demo.service.StudentService - stuId=111
00:04:08.534 logback [http-nio-8080-exec-1] INFO  c.alibaba.druid.pool.DruidDataSource - {dataSource-1} inited
00:04:08.664 logback [http-nio-8080-exec-1] INFO  c.dudu.demo.interceptor.WebLogAspect - ----打印后置通知----
00:04:08.664 logback [http-nio-8080-exec-1] INFO  c.dudu.demo.interceptor.WebLogAspect - RESPONSE :null
00:04:08.664 logback [http-nio-8080-exec-1] INFO  c.dudu.demo.interceptor.WebLogAspect - 耗时:220毫秒
00:04:28.040 logback [http-nio-8080-exec-2] INFO  c.dudu.demo.interceptor.WebLogAspect - ----打印前置通知----
00:04:28.040 logback [http-nio-8080-exec-2] INFO  c.dudu.demo.interceptor.WebLogAspect - URL:/stu/get-stu-by-id/1
00:04:28.040 logback [http-nio-8080-exec-2] INFO  c.dudu.demo.interceptor.WebLogAspect - HTTP_METHOD:GET
00:04:28.040 logback [http-nio-8080-exec-2] INFO  c.dudu.demo.interceptor.WebLogAspect - IP:127.0.0.1
00:04:28.040 logback [http-nio-8080-exec-2] INFO  c.dudu.demo.interceptor.WebLogAspect - CLASS_METHOD : com.dudu.demo.controller.StudentController.getStuById
00:04:28.040 logback [http-nio-8080-exec-2] INFO  c.dudu.demo.interceptor.WebLogAspect - ARGS : [1]
00:04:28.040 logback [http-nio-8080-exec-2] INFO  com.dudu.demo.service.StudentService - stuId=1
00:04:28.045 logback [http-nio-8080-exec-2] INFO  c.dudu.demo.interceptor.WebLogAspect - ----打印后置通知----
00:04:28.045 logback [http-nio-8080-exec-2] INFO  c.dudu.demo.interceptor.WebLogAspect - RESPONSE :{sno=1, ssex=男, sname=张三, sage=1980-01-23 00:00:00.0}
00:04:28.045 logback [http-nio-8080-exec-2] INFO  c.dudu.demo.interceptor.WebLogAspect - 耗时:5毫秒
00:04:32.111 logback [http-nio-8080-exec-3] INFO  c.dudu.demo.interceptor.WebLogAspect - ----打印前置通知----
00:04:32.111 logback [http-nio-8080-exec-3] INFO  c.dudu.demo.interceptor.WebLogAspect - URL:/stu/get-stu-by-id/2
00:04:32.111 logback [http-nio-8080-exec-3] INFO  c.dudu.demo.interceptor.WebLogAspect - HTTP_METHOD:GET
00:04:32.111 logback [http-nio-8080-exec-3] INFO  c.dudu.demo.interceptor.WebLogAspect - IP:127.0.0.1
00:04:32.111 logback [http-nio-8080-exec-3] INFO  c.dudu.demo.interceptor.WebLogAspect - CLASS_METHOD : com.dudu.demo.controller.StudentController.getStuById
00:04:32.111 logback [http-nio-8080-exec-3] INFO  c.dudu.demo.interceptor.WebLogAspect - ARGS : [2]
00:04:32.111 logback [http-nio-8080-exec-3] INFO  com.dudu.demo.service.StudentService - stuId=2
00:04:32.113 logback [http-nio-8080-exec-3] INFO  c.dudu.demo.interceptor.WebLogAspect - ----打印后置通知----
00:04:32.113 logback [http-nio-8080-exec-3] INFO  c.dudu.demo.interceptor.WebLogAspect - RESPONSE :{sno=2, ssex=男, sname=李四, sage=1982-12-12 00:00:00.0}
00:04:32.113 logback [http-nio-8080-exec-3] INFO  c.dudu.demo.interceptor.WebLogAspect - 耗时:2毫秒
